{"/Users/LuchiArita/Documents/2026/fintech/redBlak/server/src/app.ts": {"path":"/Users/LuchiArita/Documents/2026/fintech/redBlak/server/src/app.ts","statementMap":{"0":{"start":{"line":1,"column":0},"end":{"line":1,"column":29}},"1":{"start":{"line":2,"column":0},"end":{"line":2,"column":23}},"2":{"start":{"line":3,"column":0},"end":{"line":3,"column":34}},"3":{"start":{"line":5,"column":0},"end":{"line":5,"column":42}},"4":{"start":{"line":7,"column":0},"end":{"line":7,"column":58}},"5":{"start":{"line":8,"column":0},"end":{"line":8,"column":56}},"6":{"start":{"line":10,"column":12},"end":{"line":10,"column":21}},"7":{"start":{"line":12,"column":0},"end":{"line":12,"column":null}},"8":{"start":{"line":13,"column":0},"end":{"line":13,"column":null}},"9":{"start":{"line":16,"column":0},"end":{"line":16,"column":null}},"10":{"start":{"line":18,"column":0},"end":{"line":20,"column":null}},"11":{"start":{"line":19,"column":2},"end":{"line":19,"column":null}},"12":{"start":{"line":22,"column":0},"end":{"line":22,"column":null}},"13":{"start":{"line":24,"column":0},"end":{"line":24,"column":null}},"14":{"start":{"line":26,"column":0},"end":{"line":26,"column":null}}},"fnMap":{"0":{"name":"(anonymous_1)","decl":{"start":{"line":18,"column":19},"end":{"line":18,"column":20}},"loc":{"start":{"line":18,"column":33},"end":{"line":20,"column":1}}}},"branchMap":{},"s":{"0":2,"1":2,"2":2,"3":2,"4":2,"5":2,"6":2,"7":2,"8":2,"9":2,"10":2,"11":1,"12":2,"13":2,"14":2},"f":{"0":1},"b":{}}
,"/Users/LuchiArita/Documents/2026/fintech/redBlak/server/src/db.ts": {"path":"/Users/LuchiArita/Documents/2026/fintech/redBlak/server/src/db.ts","statementMap":{"0":{"start":{"line":7,"column":0},"end":{"line":7,"column":7}},"1":{"start":{"line":1,"column":0},"end":{"line":1,"column":25}},"2":{"start":{"line":3,"column":21},"end":{"line":3,"column":51}},"3":{"start":{"line":5,"column":11},"end":{"line":5,"column":null}},"4":{"start":{"line":8,"column":2},"end":{"line":12,"column":3}},"5":{"start":{"line":9,"column":4},"end":{"line":9,"column":53}},"6":{"start":{"line":10,"column":4},"end":{"line":10,"column":16}},"7":{"start":{"line":11,"column":4},"end":{"line":11,"column":11}},"8":{"start":{"line":14,"column":2},"end":{"line":19,"column":5}},"9":{"start":{"line":21,"column":2},"end":{"line":21,"column":23}},"10":{"start":{"line":25,"column":2},"end":{"line":25,"column":19}},"11":{"start":{"line":25,"column":13},"end":{"line":25,"column":19}},"12":{"start":{"line":26,"column":12},"end":{"line":32,"column":null}},"13":{"start":{"line":33,"column":2},"end":{"line":33,"column":null}}},"fnMap":{"0":{"name":"initDb","decl":{"start":{"line":7,"column":22},"end":{"line":7,"column":28}},"loc":{"start":{"line":7,"column":28},"end":{"line":22,"column":1}}},"1":{"name":"ensureSchema","decl":{"start":{"line":24,"column":15},"end":{"line":24,"column":27}},"loc":{"start":{"line":24,"column":27},"end":{"line":34,"column":1}}}},"branchMap":{"0":{"loc":{"start":{"line":3,"column":21},"end":{"line":3,"column":51}},"type":"binary-expr","locations":[{"start":{"line":3,"column":21},"end":{"line":3,"column":45}},{"start":{"line":3,"column":49},"end":{"line":3,"column":51}}]},"1":{"loc":{"start":{"line":8,"column":2},"end":{"line":12,"column":3}},"type":"if","locations":[{"start":{"line":8,"column":2},"end":{"line":12,"column":3}}]},"2":{"loc":{"start":{"line":25,"column":2},"end":{"line":25,"column":19}},"type":"if","locations":[{"start":{"line":25,"column":2},"end":{"line":25,"column":19}}]}},"s":{"0":1,"1":1,"2":1,"3":1,"4":0,"5":0,"6":0,"7":0,"8":0,"9":0,"10":0,"11":0,"12":0,"13":0},"f":{"0":0,"1":0},"b":{"0":[1,1],"1":[0],"2":[0]}}
,"/Users/LuchiArita/Documents/2026/fintech/redBlak/server/src/middleware/errorHandler.ts": {"path":"/Users/LuchiArita/Documents/2026/fintech/redBlak/server/src/middleware/errorHandler.ts","statementMap":{"0":{"start":{"line":4,"column":0},"end":{"line":4,"column":16}},"1":{"start":{"line":2,"column":0},"end":{"line":2,"column":40}},"2":{"start":{"line":10,"column":2},"end":{"line":14,"column":null}},"3":{"start":{"line":16,"column":2},"end":{"line":19,"column":null}}},"fnMap":{"0":{"name":"errorHandler","decl":{"start":{"line":4,"column":16},"end":{"line":4,"column":28}},"loc":{"start":{"line":8,"column":21},"end":{"line":20,"column":1}}}},"branchMap":{},"s":{"0":2,"1":2,"2":0,"3":0},"f":{"0":0},"b":{}}
,"/Users/LuchiArita/Documents/2026/fintech/redBlak/server/src/middleware/requestLogger.ts": {"path":"/Users/LuchiArita/Documents/2026/fintech/redBlak/server/src/middleware/requestLogger.ts","statementMap":{"0":{"start":{"line":4,"column":0},"end":{"line":4,"column":16}},"1":{"start":{"line":2,"column":0},"end":{"line":2,"column":40}},"2":{"start":{"line":9,"column":16},"end":{"line":9,"column":26}},"3":{"start":{"line":11,"column":2},"end":{"line":17,"column":null}},"4":{"start":{"line":12,"column":4},"end":{"line":16,"column":null}},"5":{"start":{"line":19,"column":2},"end":{"line":19,"column":null}}},"fnMap":{"0":{"name":"requestLogger","decl":{"start":{"line":4,"column":16},"end":{"line":4,"column":29}},"loc":{"start":{"line":7,"column":20},"end":{"line":20,"column":1}}},"1":{"name":"(anonymous_1)","decl":{"start":{"line":11,"column":19},"end":{"line":11,"column":22}},"loc":{"start":{"line":11,"column":24},"end":{"line":17,"column":3}}}},"branchMap":{},"s":{"0":2,"1":2,"2":7,"3":7,"4":7,"5":7},"f":{"0":7,"1":7},"b":{}}
,"/Users/LuchiArita/Documents/2026/fintech/redBlak/server/src/routes/events.ts": {"path":"/Users/LuchiArita/Documents/2026/fintech/redBlak/server/src/routes/events.ts","statementMap":{"0":{"start":{"line":1,"column":0},"end":{"line":1,"column":51}},"1":{"start":{"line":2,"column":0},"end":{"line":2,"column":28}},"2":{"start":{"line":4,"column":0},"end":{"line":4,"column":40}},"3":{"start":{"line":7,"column":15},"end":{"line":7,"column":23}},"4":{"start":{"line":9,"column":0},"end":{"line":41,"column":null}},"5":{"start":{"line":10,"column":15},"end":{"line":10,"column":41}},"6":{"start":{"line":11,"column":2},"end":{"line":13,"column":3}},"7":{"start":{"line":12,"column":4},"end":{"line":12,"column":null}},"8":{"start":{"line":14,"column":21},"end":{"line":19,"column":null}},"9":{"start":{"line":21,"column":4},"end":{"line":23,"column":5}},"10":{"start":{"line":22,"column":4},"end":{"line":22,"column":null}},"11":{"start":{"line":25,"column":2},"end":{"line":40,"column":3}},"12":{"start":{"line":26,"column":14},"end":{"line":26,"column":109}},"13":{"start":{"line":27,"column":19},"end":{"line":27,"column":72}},"14":{"start":{"line":28,"column":14},"end":{"line":28,"column":41}},"15":{"start":{"line":29,"column":4},"end":{"line":29,"column":null}},"16":{"start":{"line":31,"column":4},"end":{"line":31,"column":null}},"17":{"start":{"line":33,"column":4},"end":{"line":33,"column":null}},"18":{"start":{"line":36,"column":4},"end":{"line":36,"column":null}},"19":{"start":{"line":37,"column":4},"end":{"line":37,"column":null}},"20":{"start":{"line":39,"column":4},"end":{"line":39,"column":null}},"21":{"start":{"line":43,"column":0},"end":{"line":70,"column":null}},"22":{"start":{"line":44,"column":17},"end":{"line":44,"column":46}},"23":{"start":{"line":45,"column":16},"end":{"line":45,"column":65}},"24":{"start":{"line":46,"column":16},"end":{"line":46,"column":53}},"25":{"start":{"line":48,"column":4},"end":{"line":50,"column":5}},"26":{"start":{"line":49,"column":8},"end":{"line":49,"column":null}},"27":{"start":{"line":52,"column":2},"end":{"line":69,"column":1}},"28":{"start":{"line":53,"column":12},"end":{"line":53,"column":72}},"29":{"start":{"line":54,"column":26},"end":{"line":54,"column":28}},"30":{"start":{"line":55,"column":4},"end":{"line":58,"column":5}},"31":{"start":{"line":56,"column":6},"end":{"line":56,"column":null}},"32":{"start":{"line":57,"column":6},"end":{"line":57,"column":null}},"33":{"start":{"line":59,"column":4},"end":{"line":59,"column":null}},"34":{"start":{"line":60,"column":4},"end":{"line":60,"column":null}},"35":{"start":{"line":61,"column":14},"end":{"line":61,"column":41}},"36":{"start":{"line":62,"column":4},"end":{"line":62,"column":null}},"37":{"start":{"line":64,"column":4},"end":{"line":64,"column":null}},"38":{"start":{"line":66,"column":2},"end":{"line":68,"column":null}},"39":{"start":{"line":72,"column":0},"end":{"line":72,"column":null}}},"fnMap":{"0":{"name":"(anonymous_0)","decl":{"start":{"line":9,"column":17},"end":{"line":9,"column":22}},"loc":{"start":{"line":9,"column":55},"end":{"line":41,"column":1}}},"1":{"name":"(anonymous_1)","decl":{"start":{"line":43,"column":16},"end":{"line":43,"column":21}},"loc":{"start":{"line":43,"column":54},"end":{"line":70,"column":1}}}},"branchMap":{"0":{"loc":{"start":{"line":11,"column":2},"end":{"line":13,"column":3}},"type":"if","locations":[{"start":{"line":11,"column":2},"end":{"line":13,"column":3}}]},"1":{"loc":{"start":{"line":11,"column":6},"end":{"line":11,"column":43}},"type":"binary-expr","locations":[{"start":{"line":11,"column":6},"end":{"line":11,"column":11}},{"start":{"line":11,"column":15},"end":{"line":11,"column":26}},{"start":{"line":11,"column":30},"end":{"line":11,"column":43}}]},"2":{"loc":{"start":{"line":17,"column":14},"end":{"line":17,"column":33}},"type":"binary-expr","locations":[{"start":{"line":17,"column":14},"end":{"line":17,"column":27}},{"start":{"line":17,"column":31},"end":{"line":17,"column":33}}]},"3":{"loc":{"start":{"line":18,"column":15},"end":{"line":18,"column":57}},"type":"binary-expr","locations":[{"start":{"line":18,"column":15},"end":{"line":18,"column":29}},{"start":{"line":18,"column":33},"end":{"line":18,"column":57}}]},"4":{"loc":{"start":{"line":21,"column":4},"end":{"line":23,"column":5}},"type":"if","locations":[{"start":{"line":21,"column":4},"end":{"line":23,"column":5}}]},"5":{"loc":{"start":{"line":44,"column":24},"end":{"line":44,"column":45}},"type":"binary-expr","locations":[{"start":{"line":44,"column":24},"end":{"line":44,"column":39}},{"start":{"line":44,"column":43},"end":{"line":44,"column":45}}]},"6":{"loc":{"start":{"line":45,"column":16},"end":{"line":45,"column":65}},"type":"cond-expr","locations":[{"start":{"line":45,"column":39},"end":{"line":45,"column":41}},{"start":{"line":45,"column":44},"end":{"line":45,"column":65}}]},"7":{"loc":{"start":{"line":48,"column":4},"end":{"line":50,"column":5}},"type":"if","locations":[{"start":{"line":48,"column":4},"end":{"line":50,"column":5}}]},"8":{"loc":{"start":{"line":55,"column":4},"end":{"line":58,"column":5}},"type":"if","locations":[{"start":{"line":55,"column":4},"end":{"line":58,"column":5}}]},"9":{"loc":{"start":{"line":59,"column":9},"end":{"line":59,"column":98}},"type":"cond-expr","locations":[{"start":{"line":59,"column":25},"end":{"line":59,"column":60}},{"start":{"line":59,"column":63},"end":{"line":59,"column":98}}]}},"s":{"0":2,"1":2,"2":2,"3":2,"4":2,"5":3,"6":3,"7":1,"8":2,"9":2,"10":0,"11":2,"12":2,"13":2,"14":2,"15":1,"16":1,"17":1,"18":1,"19":1,"20":1,"21":2,"22":3,"23":3,"24":3,"25":3,"26":0,"27":3,"28":3,"29":3,"30":3,"31":1,"32":1,"33":3,"34":3,"35":3,"36":2,"37":1,"38":1,"39":2},"f":{"0":3,"1":3},"b":{"0":[1],"1":[3,3,2],"2":[2,2],"3":[2,2],"4":[0],"5":[3,3],"6":[0,3],"7":[0],"8":[1],"9":[1,2]}}
,"/Users/LuchiArita/Documents/2026/fintech/redBlak/server/src/utils/logger.ts": {"path":"/Users/LuchiArita/Documents/2026/fintech/redBlak/server/src/utils/logger.ts","statementMap":{"0":{"start":{"line":1,"column":0},"end":{"line":1,"column":19}},"1":{"start":{"line":2,"column":0},"end":{"line":2,"column":23}},"2":{"start":{"line":4,"column":16},"end":{"line":4,"column":48}},"3":{"start":{"line":6,"column":0},"end":{"line":8,"column":1}},"4":{"start":{"line":7,"column":2},"end":{"line":7,"column":null}},"5":{"start":{"line":10,"column":16},"end":{"line":10,"column":45}},"6":{"start":{"line":16,"column":4},"end":{"line":18,"column":8}},"7":{"start":{"line":20,"column":2},"end":{"line":20,"column":null}},"8":{"start":{"line":22,"column":2},"end":{"line":26,"column":null}},"9":{"start":{"line":23,"column":4},"end":{"line":25,"column":5}},"10":{"start":{"line":24,"column":6},"end":{"line":24,"column":null}},"11":{"start":{"line":29,"column":13},"end":{"line":41,"column":null}},"12":{"start":{"line":31,"column":4},"end":{"line":31,"column":32}},"13":{"start":{"line":34,"column":4},"end":{"line":34,"column":39}},"14":{"start":{"line":37,"column":4},"end":{"line":37,"column":33}},"15":{"start":{"line":40,"column":4},"end":{"line":40,"column":33}}},"fnMap":{"0":{"name":"write","decl":{"start":{"line":14,"column":9},"end":{"line":14,"column":14}},"loc":{"start":{"line":14,"column":63},"end":{"line":27,"column":1}}},"1":{"name":"(anonymous_2)","decl":{"start":{"line":22,"column":31},"end":{"line":22,"column":34}},"loc":{"start":{"line":22,"column":37},"end":{"line":26,"column":3}}},"2":{"name":"(anonymous_3)","decl":{"start":{"line":30,"column":8},"end":{"line":30,"column":9}},"loc":{"start":{"line":31,"column":4},"end":{"line":31,"column":32}}},"3":{"name":"(anonymous_4)","decl":{"start":{"line":33,"column":8},"end":{"line":33,"column":9}},"loc":{"start":{"line":34,"column":4},"end":{"line":34,"column":39}}},"4":{"name":"(anonymous_5)","decl":{"start":{"line":36,"column":9},"end":{"line":36,"column":10}},"loc":{"start":{"line":37,"column":4},"end":{"line":37,"column":33}}},"5":{"name":"(anonymous_6)","decl":{"start":{"line":39,"column":9},"end":{"line":39,"column":10}},"loc":{"start":{"line":40,"column":4},"end":{"line":40,"column":33}}}},"branchMap":{"0":{"loc":{"start":{"line":6,"column":0},"end":{"line":8,"column":1}},"type":"if","locations":[{"start":{"line":6,"column":0},"end":{"line":8,"column":1}}]},"1":{"loc":{"start":{"line":17,"column":5},"end":{"line":17,"column":43}},"type":"cond-expr","locations":[{"start":{"line":17,"column":12},"end":{"line":17,"column":38}},{"start":{"line":17,"column":41},"end":{"line":17,"column":43}}]},"2":{"loc":{"start":{"line":23,"column":4},"end":{"line":25,"column":5}},"type":"if","locations":[{"start":{"line":23,"column":4},"end":{"line":25,"column":5}}]}},"s":{"0":1,"1":1,"2":1,"3":1,"4":0,"5":1,"6":1,"7":1,"8":1,"9":0,"10":0,"11":1,"12":1,"13":0,"14":0,"15":0},"f":{"0":1,"1":0,"2":1,"3":0,"4":0,"5":0},"b":{"0":[0],"1":[1,0],"2":[0]}}
}
