TN:
SF:src/app.ts
FN:18,(anonymous_1)
FNF:1
FNH:1
FNDA:1,(anonymous_1)
DA:1,2
DA:2,2
DA:3,2
DA:5,2
DA:7,2
DA:8,2
DA:10,2
DA:12,2
DA:13,2
DA:16,2
DA:18,2
DA:19,1
DA:22,2
DA:24,2
DA:26,2
LF:15
LH:15
BRF:0
BRH:0
end_of_record
TN:
SF:src/db.ts
FN:7,initDb
FN:24,ensureSchema
FNF:2
FNH:0
FNDA:0,initDb
FNDA:0,ensureSchema
DA:1,1
DA:3,1
DA:5,1
DA:7,1
DA:8,0
DA:9,0
DA:10,0
DA:11,0
DA:14,0
DA:21,0
DA:25,0
DA:26,0
DA:33,0
LF:13
LH:4
BRDA:3,0,0,1
BRDA:3,0,1,1
BRDA:8,1,0,0
BRDA:25,2,0,0
BRF:4
BRH:2
end_of_record
TN:
SF:src/middleware/errorHandler.ts
FN:4,errorHandler
FNF:1
FNH:0
FNDA:0,errorHandler
DA:2,2
DA:4,2
DA:10,0
DA:16,0
LF:4
LH:2
BRF:0
BRH:0
end_of_record
TN:
SF:src/middleware/requestLogger.ts
FN:4,requestLogger
FN:11,(anonymous_1)
FNF:2
FNH:2
FNDA:7,requestLogger
FNDA:7,(anonymous_1)
DA:2,2
DA:4,2
DA:9,7
DA:11,7
DA:12,7
DA:19,7
LF:6
LH:6
BRF:0
BRH:0
end_of_record
TN:
SF:src/routes/events.ts
FN:9,(anonymous_0)
FN:43,(anonymous_1)
FNF:2
FNH:2
FNDA:3,(anonymous_0)
FNDA:3,(anonymous_1)
DA:1,2
DA:2,2
DA:4,2
DA:7,2
DA:9,2
DA:10,3
DA:11,3
DA:12,1
DA:14,2
DA:21,2
DA:22,0
DA:25,2
DA:26,2
DA:27,2
DA:28,2
DA:29,1
DA:31,1
DA:33,1
DA:36,1
DA:37,1
DA:39,1
DA:43,2
DA:44,3
DA:45,3
DA:46,3
DA:48,3
DA:49,0
DA:52,3
DA:53,3
DA:54,3
DA:55,3
DA:56,1
DA:57,1
DA:59,3
DA:60,3
DA:61,3
DA:62,2
DA:64,1
DA:66,1
DA:72,2
LF:40
LH:38
BRDA:11,0,0,1
BRDA:11,1,0,3
BRDA:11,1,1,3
BRDA:11,1,2,2
BRDA:17,2,0,2
BRDA:17,2,1,2
BRDA:18,3,0,2
BRDA:18,3,1,2
BRDA:21,4,0,0
BRDA:44,5,0,3
BRDA:44,5,1,3
BRDA:45,6,0,0
BRDA:45,6,1,3
BRDA:48,7,0,0
BRDA:55,8,0,1
BRDA:59,9,0,1
BRDA:59,9,1,2
BRF:17
BRH:14
end_of_record
TN:
SF:src/utils/logger.ts
FN:14,write
FN:22,(anonymous_2)
FN:30,(anonymous_3)
FN:33,(anonymous_4)
FN:36,(anonymous_5)
FN:39,(anonymous_6)
FNF:6
FNH:2
FNDA:1,write
FNDA:0,(anonymous_2)
FNDA:1,(anonymous_3)
FNDA:0,(anonymous_4)
FNDA:0,(anonymous_5)
FNDA:0,(anonymous_6)
DA:1,1
DA:2,1
DA:4,1
DA:6,1
DA:7,0
DA:10,1
DA:16,1
DA:20,1
DA:22,1
DA:23,0
DA:24,0
DA:29,1
DA:31,1
DA:34,0
DA:37,0
DA:40,0
LF:16
LH:10
BRDA:6,0,0,0
BRDA:17,1,0,1
BRDA:17,1,1,0
BRDA:23,2,0,0
BRF:4
BRH:1
end_of_record
